<?xml version="1.0" encoding="UTF-8"?>
<testsuite name="com.example.travel.model.BudgetCalculatorTest" tests="3" skipped="0" failures="0" errors="0" timestamp="2019-08-27T10:54:31" hostname="syanev-a01.vmware.com" time="0.015">
  <properties/>
  <testcase name="testTravelInformationWithInvalidCurrencyExpectedException" classname="com.example.travel.model.BudgetCalculatorTest" time="0.009"/>
  <testcase name="testTravelInformationWithInvalidCountryNameExpectedException" classname="com.example.travel.model.BudgetCalculatorTest" time="0.004"/>
  <testcase name="testTravelInformationSuccess" classname="com.example.travel.model.BudgetCalculatorTest" time="0.002"/>
  <system-out><![CDATA[2019-08-27 13:54:31.760  INFO 7590 --- [    Test worker] c.e.t.calculator.impl.BudgetCalculator   : Calculating travel information for TripPlan{startCountry='Bulgaria', budgetPerCountry=100.0, totalBudget=1200.0, currency='BG'}
2019-08-27 13:54:31.760  INFO 7590 --- [    Test worker] c.e.t.calculator.impl.BudgetCalculator   : Starting country Country{name='Bulgaria', borders=[GR, MK, RO, SR, TR], currencies=[BGN]}
2019-08-27 13:54:31.761  INFO 7590 --- [    Test worker] c.e.t.calculator.impl.BudgetCalculator   : Calculating number of visits for TripPlan{startCountry='Bulgaria', budgetPerCountry=100.0, totalBudget=1200.0, currency='BG'} with number of country neighbors 5
2019-08-27 13:54:31.761  INFO 7590 --- [    Test worker] c.e.t.calculator.impl.BudgetCalculator   : Budget per country in original rate 200.0
2019-08-27 13:54:31.761  INFO 7590 --- [    Test worker] c.e.t.calculator.impl.BudgetCalculator   : Leftover 200.0
2019-08-27 13:54:31.761  INFO 7590 --- [    Test worker] c.e.t.calculator.impl.BudgetCalculator   : Calculating budget per country 200.0 and number of country neighbors [GR, MK, RO, SR, TR] and initial initialCurrency code BG
2019-08-27 13:54:31.763  INFO 7590 --- [    Test worker] c.e.t.calculator.impl.BudgetCalculator   : Calculating travel information for TripPlan{startCountry='B', budgetPerCountry=100.0, totalBudget=1200.0, currency='EUR'}
2019-08-27 13:54:31.766 ERROR 7590 --- [    Test worker] c.e.t.calculator.impl.BudgetCalculator   : Failed to get initial country null

com.example.travel.service.exception.CountryServiceException: null

2019-08-27 13:54:31.767  INFO 7590 --- [    Test worker] c.e.t.calculator.impl.BudgetCalculator   : Calculating travel information for TripPlan{startCountry='Bulgaria', budgetPerCountry=100.0, totalBudget=1200.0, currency='EUR'}
2019-08-27 13:54:31.767  INFO 7590 --- [    Test worker] c.e.t.calculator.impl.BudgetCalculator   : Starting country Country{name='Bulgaria', borders=[GR, MK, RO, SR, TR], currencies=[BGN]}
2019-08-27 13:54:31.767  INFO 7590 --- [    Test worker] c.e.t.calculator.impl.BudgetCalculator   : Calculating number of visits for TripPlan{startCountry='Bulgaria', budgetPerCountry=100.0, totalBudget=1200.0, currency='EUR'} with number of country neighbors 5
2019-08-27 13:54:31.767  INFO 7590 --- [    Test worker] c.e.t.calculator.impl.BudgetCalculator   : Budget per country in original rate 200.0
2019-08-27 13:54:31.767  INFO 7590 --- [    Test worker] c.e.t.calculator.impl.BudgetCalculator   : Leftover 200.0
2019-08-27 13:54:31.767  INFO 7590 --- [    Test worker] c.e.t.calculator.impl.BudgetCalculator   : Calculating budget per country 200.0 and number of country neighbors [GR, MK, RO, SR, TR] and initial initialCurrency code EUR
2019-08-27 13:54:31.768  INFO 7590 --- [    Test worker] c.e.t.calculator.impl.BudgetCalculator   : Get initialCurrency Currency{base='EUR', rates={RON=4.725, TRY=6.1452}}
2019-08-27 13:54:31.768  INFO 7590 --- [    Test worker] c.e.t.calculator.impl.BudgetCalculator   : Found neighbour: Country{name='Greece', borders=null, currencies=[EUR]}
2019-08-27 13:54:31.768  INFO 7590 --- [    Test worker] c.e.t.calculator.impl.BudgetCalculator   : neighbour country: Country{name='Greece', borders=null, currencies=[EUR]} | country base EUR | country budget 200.0
2019-08-27 13:54:31.768  INFO 7590 --- [    Test worker] c.e.t.calculator.impl.BudgetCalculator   : Found neighbour: Country{name='Republic of Macedonia', borders=null, currencies=[]}
2019-08-27 13:54:31.768  INFO 7590 --- [    Test worker] c.e.t.calculator.impl.BudgetCalculator   : neighbour country: Country{name='Republic of Macedonia', borders=null, currencies=[]} | country base EUR | country budget 200.0
2019-08-27 13:54:31.768  INFO 7590 --- [    Test worker] c.e.t.calculator.impl.BudgetCalculator   : Found neighbour: Country{name='Romania', borders=null, currencies=[RON]}
2019-08-27 13:54:31.768  INFO 7590 --- [    Test worker] c.e.t.calculator.impl.BudgetCalculator   : neighbour country: Country{name='Romania', borders=null, currencies=[RON]} | country base RON | country budget 945.0
2019-08-27 13:54:31.768  INFO 7590 --- [    Test worker] c.e.t.calculator.impl.BudgetCalculator   : Found neighbour: Country{name='Serbia', borders=null, currencies=[]}
2019-08-27 13:54:31.768  INFO 7590 --- [    Test worker] c.e.t.calculator.impl.BudgetCalculator   : neighbour country: Country{name='Serbia', borders=null, currencies=[]} | country base EUR | country budget 200.0
2019-08-27 13:54:31.768  INFO 7590 --- [    Test worker] c.e.t.calculator.impl.BudgetCalculator   : Found neighbour: Country{name='Turkey', borders=null, currencies=[TRY]}
2019-08-27 13:54:31.768  INFO 7590 --- [    Test worker] c.e.t.calculator.impl.BudgetCalculator   : neighbour country: Country{name='Turkey', borders=null, currencies=[TRY]} | country base TRY | country budget 1229.0399
]]></system-out>
  <system-err><![CDATA[]]></system-err>
</testsuite>
